brennae@brennae-macbookpro7 storage % go mod tidy       
go: downloading cloud.google.com/go v0.110.2
go: downloading google.golang.org/protobuf v1.30.0
go: downloading google.golang.org/genproto/googleapis/api v0.0.0-20230530153820-e85fd2cbaebc
go: downloading cloud.google.com/go/iam v1.1.0
go: downloading github.com/googleapis/gax-go/v2 v2.2.0
go: downloading google.golang.org/genproto v0.0.0-20230530153820-e85fd2cbaebc
go: downloading google.golang.org/api v0.128.0
go: downloading google.golang.org/grpc v1.55.0

go: downloading cloud.google.com/go/compute/metadata v0.2.3
go: downloading github.com/google/uuid v1.3.0
go: downloading cloud.google.com/go/compute v1.19.3
go: downloading golang.org/x/oauth2 v0.8.0
go: downloading github.com/golang/protobuf v1.5.3
go: downloading github.com/google/go-cmp v0.5.9
go: downloading golang.org/x/xerrors v0.0.0-20220907171357-04be3eba64a2
go: downloading google.golang.org/genproto/googleapis/rpc v0.0.0-20230530153820-e85fd2cbaebc
go: downloading go.opencensus.io v0.24.0
go: downloading golang.org/x/net v0.10.0
go: downloading google.golang.org/appengine v1.6.7
go: downloading github.com/googleapis/gax-go/v2 v2.10.0
go: downloading cloud.google.com/go/longrunning v0.4.2
go: downloading github.com/golang/groupcache v0.0.0-20210331224755-41bb18bfe9da
go: downloading golang.org/x/sys v0.8.0
go: downloading github.com/google/martian/v3 v3.3.2
go: downloading golang.org/x/text v0.9.0
go: downloading github.com/google/s2a-go v0.1.4
go: downloading github.com/golang/snappy v0.0.4
go: downloading github.com/googleapis/enterprise-certificate-proxy v0.2.4
go: downloading golang.org/x/sync v0.2.0
go: downloading golang.org/x/crypto v0.9.0
go: finding module for package github.com/googleapis/gax-go/v2/callctx
go: downloading github.com/googleapis/gax-go/v2 v2.12.0
go: downloading github.com/googleapis/gax-go v1.0.3
go: found github.com/googleapis/gax-go/v2/callctx in github.com/googleapis/gax-go/v2 v2.12.0
go: downloading google.golang.org/protobuf v1.31.0
go: downloading google.golang.org/grpc v1.56.1